{"C:\\Users\\PC\\Desktop\\ISDI-coders\\semana3\\202301-w3ch1\\src\\js\\index.js": {"path":"C:\\Users\\PC\\Desktop\\ISDI-coders\\semana3\\202301-w3ch1\\src\\js\\index.js","statementMap":{"0":{"start":{"line":2,"column":2},"end":{"line":2,"column":15}}},"fnMap":{"0":{"name":"suma","decl":{"start":{"line":1,"column":16},"end":{"line":1,"column":20}},"loc":{"start":{"line":1,"column":27},"end":{"line":3,"column":1}},"line":1}},"branchMap":{},"s":{"0":1},"f":{"0":1},"b":{},"_coverageSchema":"1a1c01bbd47fc00a2c39e90264f33305004495a9","hash":"404c6fb64baf583039488f66ee46a3a80ad52d8b"}
}
